mode: set
github.com/patsoffice/go-toolbox/slice.go:26.52,27.30 1 1
github.com/patsoffice/go-toolbox/slice.go:31.2,31.22 1 1
github.com/patsoffice/go-toolbox/slice.go:35.2,35.19 1 1
github.com/patsoffice/go-toolbox/slice.go:41.2,41.13 1 1
github.com/patsoffice/go-toolbox/slice.go:27.30,29.3 1 0
github.com/patsoffice/go-toolbox/slice.go:31.22,33.3 1 1
github.com/patsoffice/go-toolbox/slice.go:35.19,36.19 1 1
github.com/patsoffice/go-toolbox/slice.go:36.19,38.4 1 1
github.com/patsoffice/go-toolbox/slice.go:47.47,48.22 1 1
github.com/patsoffice/go-toolbox/slice.go:53.2,53.14 1 1
github.com/patsoffice/go-toolbox/slice.go:48.22,49.13 1 1
github.com/patsoffice/go-toolbox/slice.go:49.13,51.4 1 1
github.com/patsoffice/go-toolbox/clock.go:34.34,34.55 1 0
github.com/patsoffice/go-toolbox/clock.go:42.36,42.56 1 1
github.com/patsoffice/go-toolbox/input.go:40.57,41.6 1 1
github.com/patsoffice/go-toolbox/input.go:41.6,44.19 2 1
github.com/patsoffice/go-toolbox/input.go:44.19,46.19 2 1
github.com/patsoffice/go-toolbox/input.go:49.4,50.18 2 1
github.com/patsoffice/go-toolbox/input.go:46.19,48.5 1 1
github.com/patsoffice/go-toolbox/input.go:50.18,52.5 1 1
github.com/patsoffice/go-toolbox/input.go:52.10,54.5 1 1
github.com/patsoffice/go-toolbox/input.go:62.59,63.15 1 1
github.com/patsoffice/go-toolbox/input.go:68.2,68.18 1 1
github.com/patsoffice/go-toolbox/input.go:75.2,75.11 1 1
github.com/patsoffice/go-toolbox/input.go:63.15,65.3 1 1
github.com/patsoffice/go-toolbox/input.go:65.8,67.3 1 1
github.com/patsoffice/go-toolbox/input.go:68.18,70.18 2 1
github.com/patsoffice/go-toolbox/input.go:73.3,73.15 1 1
github.com/patsoffice/go-toolbox/input.go:70.18,72.4 1 1
github.com/patsoffice/go-toolbox/input.go:82.63,84.16 2 1
github.com/patsoffice/go-toolbox/input.go:88.2,89.29 2 1
github.com/patsoffice/go-toolbox/input.go:93.2,93.63 1 1
github.com/patsoffice/go-toolbox/input.go:97.2,97.14 1 1
github.com/patsoffice/go-toolbox/input.go:84.16,86.3 1 1
github.com/patsoffice/go-toolbox/input.go:89.29,91.3 1 1
github.com/patsoffice/go-toolbox/input.go:93.63,95.3 1 1
